[debug] [2021-11-07T05:47:01.820Z] ----------------------------------------------------------------------
[debug] [2021-11-07T05:47:01.824Z] Command:       C:\Program Files\nodejs\node.exe C:\Users\MooN\AppData\Roaming\npm\node_modules\firebase-tools\lib\bin\firebase.js emulators:start
[debug] [2021-11-07T05:47:01.824Z] CLI Version:   9.21.0
[debug] [2021-11-07T05:47:01.824Z] Platform:      win32
[debug] [2021-11-07T05:47:01.824Z] Node Version:  v14.18.1
[debug] [2021-11-07T05:47:01.825Z] Time:          Sun Nov 07 2021 11:17:01 GMT+0530 (India Standard Time)
[debug] [2021-11-07T05:47:01.825Z] ----------------------------------------------------------------------
[debug] 
[debug] [2021-11-07T05:47:01.922Z] > command requires scopes: ["email","openid","https://www.googleapis.com/auth/cloudplatformprojects.readonly","https://www.googleapis.com/auth/firebase","https://www.googleapis.com/auth/cloud-platform"]
[debug] [2021-11-07T05:47:01.922Z] > authorizing via signed-in user (rockyjoe627@gmail.com)
[info] i  emulators: Starting emulators: functions, hosting {"metadata":{"emulator":{"name":"hub"},"message":"Starting emulators: functions, hosting"}}
[warn] !  emulators: It seems that you are running multiple instances of the emulator suite for project clone-270ae. This may result in unexpected behavior. 
[debug] [2021-11-07T05:47:01.946Z] [hub] writing locator at C:\Users\MooN\AppData\Local\Temp\hub-clone-270ae.json
[warn] !  functions: The following emulators are not running, calls to these services from the Functions emulator will affect production: auth, firestore, database, pubsub, storage {"metadata":{"emulator":{"name":"functions"},"message":"The following emulators are not running, calls to these services from the Functions emulator will affect production: \u001b[1mauth, firestore, database, pubsub, storage\u001b[22m"}}
[info] +  functions: Using node@14 from host. {"metadata":{"emulator":{"name":"functions"},"message":"Using node@14 from host."}}
[debug] [2021-11-07T05:47:02.157Z] defaultcredentials: writing to file C:\Users\MooN\AppData\Roaming\firebase\rockyjoe627_gmail_com_application_default_credentials.json
[debug] [2021-11-07T05:47:02.159Z] Setting GAC to C:\Users\MooN\AppData\Roaming\firebase\rockyjoe627_gmail_com_application_default_credentials.json {"metadata":{"emulator":{"name":"functions"},"message":"Setting GAC to C:\\Users\\MooN\\AppData\\Roaming\\firebase\\rockyjoe627_gmail_com_application_default_credentials.json"}}
[debug] [2021-11-07T05:47:02.162Z] >>> [apiv2][query] GET https://firebase.googleapis.com/v1beta1/projects/clone-270ae/adminSdkConfig [none]
[debug] [2021-11-07T05:47:03.023Z] <<< [apiv2][status] GET https://firebase.googleapis.com/v1beta1/projects/clone-270ae/adminSdkConfig 200
[debug] [2021-11-07T05:47:03.023Z] <<< [apiv2][body] GET https://firebase.googleapis.com/v1beta1/projects/clone-270ae/adminSdkConfig {"projectId":"clone-270ae","storageBucket":"clone-270ae.appspot.com"}
[debug] [2021-11-07T05:47:03.038Z] >>> [apiv2][query] GET https://firebasehosting.googleapis.com/v1beta1/projects/clone-270ae/sites 
[debug] [2021-11-07T05:47:05.386Z] <<< [apiv2][status] GET https://firebasehosting.googleapis.com/v1beta1/projects/clone-270ae/sites 200
[debug] [2021-11-07T05:47:05.386Z] <<< [apiv2][body] GET https://firebasehosting.googleapis.com/v1beta1/projects/clone-270ae/sites {"sites":[{"name":"projects/507028767631/sites/clone-270ae","defaultUrl":"https://clone-270ae.web.app","appId":"1:507028767631:web:109e3cca89ae5e73a101fa","type":"DEFAULT_SITE"}]}
[debug] [2021-11-07T05:47:05.386Z] >>> [apiv2][query] GET https://firebase.googleapis.com/v1beta1/projects/clone-270ae/webApps/1:507028767631:web:109e3cca89ae5e73a101fa/config [none]
[debug] [2021-11-07T05:47:07.296Z] <<< [apiv2][status] GET https://firebase.googleapis.com/v1beta1/projects/clone-270ae/webApps/1:507028767631:web:109e3cca89ae5e73a101fa/config 200
[debug] [2021-11-07T05:47:07.296Z] <<< [apiv2][body] GET https://firebase.googleapis.com/v1beta1/projects/clone-270ae/webApps/1:507028767631:web:109e3cca89ae5e73a101fa/config {"projectId":"clone-270ae","appId":"1:507028767631:web:109e3cca89ae5e73a101fa","storageBucket":"clone-270ae.appspot.com","apiKey":"AIzaSyBA7DJ9DPTxv4Yel_4eUCwplXKkU4e36UM","authDomain":"clone-270ae.firebaseapp.com","messagingSenderId":"507028767631","measurementId":"G-3X3RRTBR7H"}
[info] i  hosting: Serving hosting files from: build {"metadata":{"emulator":{"name":"hosting"},"message":"Serving hosting files from: \u001b[1mbuild\u001b[22m"}}
[info] +  hosting: Local server: http://localhost:5000 {"metadata":{"emulator":{"name":"hosting"},"message":"Local server: \u001b[4m\u001b[1mhttp://localhost:5000\u001b[22m\u001b[24m"}}
[debug] [2021-11-07T05:47:07.356Z] Ignoring unsupported arg: auto_download {"metadata":{"emulator":{"name":"ui"},"message":"Ignoring unsupported arg: auto_download"}}
[debug] [2021-11-07T05:47:07.357Z] Ignoring unsupported arg: port {"metadata":{"emulator":{"name":"ui"},"message":"Ignoring unsupported arg: port"}}
[debug] [2021-11-07T05:47:07.357Z] Starting Emulator UI with command {"binary":"node","args":["C:\\Users\\MooN\\.cache\\firebase\\emulators\\ui-v1.6.4\\server.bundle.js"],"optionalArgs":[],"joinArgs":false} {"metadata":{"emulator":{"name":"ui"},"message":"Starting Emulator UI with command {\"binary\":\"node\",\"args\":[\"C:\\\\Users\\\\MooN\\\\.cache\\\\firebase\\\\emulators\\\\ui-v1.6.4\\\\server.bundle.js\"],\"optionalArgs\":[],\"joinArgs\":false}"}}
[info] i  ui: Emulator UI logging to ui-debug.log {"metadata":{"emulator":{"name":"ui"},"message":"Emulator UI logging to \u001b[1mui-debug.log\u001b[22m"}}
[debug] [2021-11-07T05:47:07.502Z] Web / API server started at localhost:4000
 {"metadata":{"emulator":{"name":"ui"},"message":"Web / API server started at localhost:4000\n"}}
[info] i  functions: Watching "C:\Users\MooN\amazon-clone\functions" for Cloud Functions... {"metadata":{"emulator":{"name":"functions"},"message":"Watching \"C:\\Users\\MooN\\amazon-clone\\functions\" for Cloud Functions..."}}
[debug] [2021-11-07T05:47:07.643Z] [worker-pool] addWorker(~diagnostic~) {"metadata":{"emulator":{"name":"functions"},"message":"[worker-pool] addWorker(~diagnostic~)"}}
[debug] [2021-11-07T05:47:07.644Z] [worker-pool] Adding worker with key ~diagnostic~, total=1 {"metadata":{"emulator":{"name":"functions"},"message":"[worker-pool] Adding worker with key ~diagnostic~, total=1"}}
[debug] [2021-11-07T05:47:07.644Z] [worker-pool] submitWork(triggerId=) {"metadata":{"emulator":{"name":"functions"},"message":"[worker-pool] submitWork(triggerId=)"}}
[debug] [2021-11-07T05:47:07.644Z] [worker-~diagnostic~-d5382c34-bfc9-4027-9aca-9b4afeb89db9]: Assigning socketPath: \\?\pipe\C:\Users\MooN\amazon-clone\functions\10016 {"metadata":{"emulator":{"name":"functions"},"message":"[worker-~diagnostic~-d5382c34-bfc9-4027-9aca-9b4afeb89db9]: Assigning socketPath: \\\\?\\pipe\\C:\\Users\\MooN\\amazon-clone\\functions\\10016"}}
[debug] [2021-11-07T05:47:07.645Z] [worker-~diagnostic~-d5382c34-bfc9-4027-9aca-9b4afeb89db9]: BUSY {"metadata":{"emulator":{"name":"functions"},"message":"[worker-~diagnostic~-d5382c34-bfc9-4027-9aca-9b4afeb89db9]: BUSY"}}
[debug] [2021-11-07T05:47:07.874Z] [runtime-status] [10016] Functions runtime initialized. {"cwd":"C:\\Users\\MooN\\amazon-clone\\functions","node_version":"14.18.1"} {"metadata":{"emulator":{"name":"functions"},"message":"[runtime-status] [10016] Functions runtime initialized. {\"cwd\":\"C:\\\\Users\\\\MooN\\\\amazon-clone\\\\functions\",\"node_version\":\"14.18.1\"}"}}
[debug] [2021-11-07T05:47:07.876Z] [runtime-status] [10016] Disabled runtime features: undefined {"metadata":{"emulator":{"name":"functions"},"message":"[runtime-status] [10016] Disabled runtime features: undefined"}}
[debug] [2021-11-07T05:47:07.894Z] [runtime-status] [10016] Resolved module firebase-admin {"declared":true,"installed":true,"version":"9.12.0","resolution":"C:\\Users\\MooN\\amazon-clone\\functions\\node_modules\\firebase-admin\\lib\\index.js"} {"metadata":{"emulator":{"name":"functions"},"message":"[runtime-status] [10016] Resolved module firebase-admin {\"declared\":true,\"installed\":true,\"version\":\"9.12.0\",\"resolution\":\"C:\\\\Users\\\\MooN\\\\amazon-clone\\\\functions\\\\node_modules\\\\firebase-admin\\\\lib\\\\index.js\"}"}}
[debug] [2021-11-07T05:47:07.907Z] [runtime-status] [10016] Resolved module firebase-functions {"declared":true,"installed":true,"version":"3.15.7","resolution":"C:\\Users\\MooN\\amazon-clone\\functions\\node_modules\\firebase-functions\\lib\\index.js"} {"metadata":{"emulator":{"name":"functions"},"message":"[runtime-status] [10016] Resolved module firebase-functions {\"declared\":true,\"installed\":true,\"version\":\"3.15.7\",\"resolution\":\"C:\\\\Users\\\\MooN\\\\amazon-clone\\\\functions\\\\node_modules\\\\firebase-functions\\\\lib\\\\index.js\"}"}}
[debug] [2021-11-07T05:47:07.909Z] [runtime-status] [10016] Outgoing network have been stubbed. [{"name":"http","status":"mocked"},{"name":"http","status":"mocked"},{"name":"https","status":"mocked"},{"name":"https","status":"mocked"},{"name":"net","status":"mocked"}] {"metadata":{"emulator":{"name":"functions"},"message":"[runtime-status] [10016] Outgoing network have been stubbed. [{\"name\":\"http\",\"status\":\"mocked\"},{\"name\":\"http\",\"status\":\"mocked\"},{\"name\":\"https\",\"status\":\"mocked\"},{\"name\":\"https\",\"status\":\"mocked\"},{\"name\":\"net\",\"status\":\"mocked\"}]"}}
[debug] [2021-11-07T05:47:07.910Z] [runtime-status] [10016] Resolved module firebase-functions {"declared":true,"installed":true,"version":"3.15.7","resolution":"C:\\Users\\MooN\\amazon-clone\\functions\\node_modules\\firebase-functions\\lib\\index.js"} {"metadata":{"emulator":{"name":"functions"},"message":"[runtime-status] [10016] Resolved module firebase-functions {\"declared\":true,\"installed\":true,\"version\":\"3.15.7\",\"resolution\":\"C:\\\\Users\\\\MooN\\\\amazon-clone\\\\functions\\\\node_modules\\\\firebase-functions\\\\lib\\\\index.js\"}"}}
[debug] [2021-11-07T05:47:08.331Z] [runtime-status] [10016] Checked functions.config() {"config":{}} {"metadata":{"emulator":{"name":"functions"},"message":"[runtime-status] [10016] Checked functions.config() {\"config\":{}}"}}
[debug] [2021-11-07T05:47:08.331Z] [runtime-status] [10016] firebase-functions has been stubbed. {"functionsResolution":{"declared":true,"installed":true,"version":"3.15.7","resolution":"C:\\Users\\MooN\\amazon-clone\\functions\\node_modules\\firebase-functions\\lib\\index.js"}} {"metadata":{"emulator":{"name":"functions"},"message":"[runtime-status] [10016] firebase-functions has been stubbed. {\"functionsResolution\":{\"declared\":true,\"installed\":true,\"version\":\"3.15.7\",\"resolution\":\"C:\\\\Users\\\\MooN\\\\amazon-clone\\\\functions\\\\node_modules\\\\firebase-functions\\\\lib\\\\index.js\"}}"}}
[debug] [2021-11-07T05:47:08.332Z] [runtime-status] [10016] Resolved module firebase-functions {"declared":true,"installed":true,"version":"3.15.7","resolution":"C:\\Users\\MooN\\amazon-clone\\functions\\node_modules\\firebase-functions\\lib\\index.js"} {"metadata":{"emulator":{"name":"functions"},"message":"[runtime-status] [10016] Resolved module firebase-functions {\"declared\":true,\"installed\":true,\"version\":\"3.15.7\",\"resolution\":\"C:\\\\Users\\\\MooN\\\\amazon-clone\\\\functions\\\\node_modules\\\\firebase-functions\\\\lib\\\\index.js\"}"}}
[debug] [2021-11-07T05:47:08.334Z] [runtime-status] [10016] Resolved module firebase-admin {"declared":true,"installed":true,"version":"9.12.0","resolution":"C:\\Users\\MooN\\amazon-clone\\functions\\node_modules\\firebase-admin\\lib\\index.js"} {"metadata":{"emulator":{"name":"functions"},"message":"[runtime-status] [10016] Resolved module firebase-admin {\"declared\":true,\"installed\":true,\"version\":\"9.12.0\",\"resolution\":\"C:\\\\Users\\\\MooN\\\\amazon-clone\\\\functions\\\\node_modules\\\\firebase-admin\\\\lib\\\\index.js\"}"}}
[debug] [2021-11-07T05:47:08.334Z] [runtime-status] [10016] Resolved module firebase-functions {"declared":true,"installed":true,"version":"3.15.7","resolution":"C:\\Users\\MooN\\amazon-clone\\functions\\node_modules\\firebase-functions\\lib\\index.js"} {"metadata":{"emulator":{"name":"functions"},"message":"[runtime-status] [10016] Resolved module firebase-functions {\"declared\":true,\"installed\":true,\"version\":\"3.15.7\",\"resolution\":\"C:\\\\Users\\\\MooN\\\\amazon-clone\\\\functions\\\\node_modules\\\\firebase-functions\\\\lib\\\\index.js\"}"}}
[debug] [2021-11-07T05:47:08.335Z] [runtime-status] [10016] firebase-admin has been stubbed. {"adminResolution":{"declared":true,"installed":true,"version":"9.12.0","resolution":"C:\\Users\\MooN\\amazon-clone\\functions\\node_modules\\firebase-admin\\lib\\index.js"}} {"metadata":{"emulator":{"name":"functions"},"message":"[runtime-status] [10016] firebase-admin has been stubbed. {\"adminResolution\":{\"declared\":true,\"installed\":true,\"version\":\"9.12.0\",\"resolution\":\"C:\\\\Users\\\\MooN\\\\amazon-clone\\\\functions\\\\node_modules\\\\firebase-admin\\\\lib\\\\index.js\"}}"}}
[info] +  functions[us-central1-api]: http function initialized (http://localhost:5001/clone-270ae/us-central1/api). {"metadata":{"emulator":{"name":"functions"},"message":"\u001b[1mhttp\u001b[22m function initialized (http://localhost:5001/clone-270ae/us-central1/api)."}}
[info] 
┌─────────────────────────────────────────────────────────────┐
│ ✔  All emulators ready! It is now safe to connect your app. │
│ i  View Emulator UI at http://localhost:4000                │
└─────────────────────────────────────────────────────────────┘

┌───────────┬────────────────┬─────────────────────────────────┐
│ Emulator  │ Host:Port      │ View in Emulator UI             │
├───────────┼────────────────┼─────────────────────────────────┤
│ Functions │ localhost:5001 │ http://localhost:4000/functions │
├───────────┼────────────────┼─────────────────────────────────┤
│ Hosting   │ localhost:5000 │ n/a                             │
└───────────┴────────────────┴─────────────────────────────────┘
  Emulator Hub running at localhost:4400
  Other reserved ports: 4500

Issues? Report them at https://github.com/firebase/firebase-tools/issues and attach the *-debug.log files.
 
[debug] [2021-11-07T05:47:09.797Z] [worker-~diagnostic~-d5382c34-bfc9-4027-9aca-9b4afeb89db9]: IDLE {"metadata":{"emulator":{"name":"functions"},"message":"[worker-~diagnostic~-d5382c34-bfc9-4027-9aca-9b4afeb89db9]: IDLE"}}
[debug] [2021-11-07T05:47:58.611Z] [work-queue] {"queueLength":1,"workRunningCount":0}
[debug] [2021-11-07T05:47:58.612Z] [work-queue] {"queueLength":0,"workRunningCount":1}
[debug] [2021-11-07T05:47:58.612Z] Accepted request GET /clone-270ae/us-central1/api --> us-central1-api
[debug] [2021-11-07T05:47:58.619Z] [worker-pool] addWorker(us-central1-api) {"metadata":{"emulator":{"name":"functions"},"message":"[worker-pool] addWorker(us-central1-api)"}}
[debug] [2021-11-07T05:47:58.619Z] [worker-pool] Adding worker with key us-central1-api, total=1 {"metadata":{"emulator":{"name":"functions"},"message":"[worker-pool] Adding worker with key us-central1-api, total=1"}}
[debug] [2021-11-07T05:47:58.619Z] [worker-pool] submitWork(triggerId=us-central1-api) {"metadata":{"emulator":{"name":"functions"},"message":"[worker-pool] submitWork(triggerId=us-central1-api)"}}
[debug] [2021-11-07T05:47:58.619Z] [worker-us-central1-api-0a096405-01f4-4bfd-bb9c-59b9ee311296]: Assigning socketPath: \\?\pipe\C:\Users\MooN\amazon-clone\functions\11416 {"metadata":{"emulator":{"name":"functions"},"message":"[worker-us-central1-api-0a096405-01f4-4bfd-bb9c-59b9ee311296]: Assigning socketPath: \\\\?\\pipe\\C:\\Users\\MooN\\amazon-clone\\functions\\11416"}}
[debug] [2021-11-07T05:47:58.620Z] [worker-us-central1-api-0a096405-01f4-4bfd-bb9c-59b9ee311296]: BUSY {"metadata":{"emulator":{"name":"functions"},"message":"[worker-us-central1-api-0a096405-01f4-4bfd-bb9c-59b9ee311296]: BUSY"}}
[debug] [2021-11-07T05:47:58.848Z] [runtime-status] [11416] Functions runtime initialized. {"cwd":"C:\\Users\\MooN\\amazon-clone\\functions","node_version":"14.18.1"} {"metadata":{"emulator":{"name":"functions"},"function":{"name":"us-central1-api"},"message":"[runtime-status] [11416] Functions runtime initialized. {\"cwd\":\"C:\\\\Users\\\\MooN\\\\amazon-clone\\\\functions\",\"node_version\":\"14.18.1\"}"}}
[debug] [2021-11-07T05:47:58.851Z] [runtime-status] [11416] Disabled runtime features: undefined {"metadata":{"emulator":{"name":"functions"},"function":{"name":"us-central1-api"},"message":"[runtime-status] [11416] Disabled runtime features: undefined"}}
[debug] [2021-11-07T05:47:58.855Z] [runtime-status] [11416] Resolved module firebase-admin {"declared":true,"installed":true,"version":"9.12.0","resolution":"C:\\Users\\MooN\\amazon-clone\\functions\\node_modules\\firebase-admin\\lib\\index.js"} {"metadata":{"emulator":{"name":"functions"},"function":{"name":"us-central1-api"},"message":"[runtime-status] [11416] Resolved module firebase-admin {\"declared\":true,\"installed\":true,\"version\":\"9.12.0\",\"resolution\":\"C:\\\\Users\\\\MooN\\\\amazon-clone\\\\functions\\\\node_modules\\\\firebase-admin\\\\lib\\\\index.js\"}"}}
[debug] [2021-11-07T05:47:58.858Z] [runtime-status] [11416] Resolved module firebase-functions {"declared":true,"installed":true,"version":"3.15.7","resolution":"C:\\Users\\MooN\\amazon-clone\\functions\\node_modules\\firebase-functions\\lib\\index.js"} {"metadata":{"emulator":{"name":"functions"},"function":{"name":"us-central1-api"},"message":"[runtime-status] [11416] Resolved module firebase-functions {\"declared\":true,\"installed\":true,\"version\":\"3.15.7\",\"resolution\":\"C:\\\\Users\\\\MooN\\\\amazon-clone\\\\functions\\\\node_modules\\\\firebase-functions\\\\lib\\\\index.js\"}"}}
[debug] [2021-11-07T05:47:58.860Z] [runtime-status] [11416] Outgoing network have been stubbed. [{"name":"http","status":"mocked"},{"name":"http","status":"mocked"},{"name":"https","status":"mocked"},{"name":"https","status":"mocked"},{"name":"net","status":"mocked"}] {"metadata":{"emulator":{"name":"functions"},"function":{"name":"us-central1-api"},"message":"[runtime-status] [11416] Outgoing network have been stubbed. [{\"name\":\"http\",\"status\":\"mocked\"},{\"name\":\"http\",\"status\":\"mocked\"},{\"name\":\"https\",\"status\":\"mocked\"},{\"name\":\"https\",\"status\":\"mocked\"},{\"name\":\"net\",\"status\":\"mocked\"}]"}}
[debug] [2021-11-07T05:47:58.861Z] [runtime-status] [11416] Resolved module firebase-functions {"declared":true,"installed":true,"version":"3.15.7","resolution":"C:\\Users\\MooN\\amazon-clone\\functions\\node_modules\\firebase-functions\\lib\\index.js"} {"metadata":{"emulator":{"name":"functions"},"function":{"name":"us-central1-api"},"message":"[runtime-status] [11416] Resolved module firebase-functions {\"declared\":true,\"installed\":true,\"version\":\"3.15.7\",\"resolution\":\"C:\\\\Users\\\\MooN\\\\amazon-clone\\\\functions\\\\node_modules\\\\firebase-functions\\\\lib\\\\index.js\"}"}}
[debug] [2021-11-07T05:47:58.916Z] [runtime-status] [11416] Checked functions.config() {"config":{}} {"metadata":{"emulator":{"name":"functions"},"function":{"name":"us-central1-api"},"message":"[runtime-status] [11416] Checked functions.config() {\"config\":{}}"}}
[debug] [2021-11-07T05:47:58.916Z] [runtime-status] [11416] firebase-functions has been stubbed. {"functionsResolution":{"declared":true,"installed":true,"version":"3.15.7","resolution":"C:\\Users\\MooN\\amazon-clone\\functions\\node_modules\\firebase-functions\\lib\\index.js"}} {"metadata":{"emulator":{"name":"functions"},"function":{"name":"us-central1-api"},"message":"[runtime-status] [11416] firebase-functions has been stubbed. {\"functionsResolution\":{\"declared\":true,\"installed\":true,\"version\":\"3.15.7\",\"resolution\":\"C:\\\\Users\\\\MooN\\\\amazon-clone\\\\functions\\\\node_modules\\\\firebase-functions\\\\lib\\\\index.js\"}}"}}
[debug] [2021-11-07T05:47:58.917Z] [runtime-status] [11416] Resolved module firebase-functions {"declared":true,"installed":true,"version":"3.15.7","resolution":"C:\\Users\\MooN\\amazon-clone\\functions\\node_modules\\firebase-functions\\lib\\index.js"} {"metadata":{"emulator":{"name":"functions"},"function":{"name":"us-central1-api"},"message":"[runtime-status] [11416] Resolved module firebase-functions {\"declared\":true,\"installed\":true,\"version\":\"3.15.7\",\"resolution\":\"C:\\\\Users\\\\MooN\\\\amazon-clone\\\\functions\\\\node_modules\\\\firebase-functions\\\\lib\\\\index.js\"}"}}
[debug] [2021-11-07T05:47:58.918Z] [runtime-status] [11416] Resolved module firebase-admin {"declared":true,"installed":true,"version":"9.12.0","resolution":"C:\\Users\\MooN\\amazon-clone\\functions\\node_modules\\firebase-admin\\lib\\index.js"} {"metadata":{"emulator":{"name":"functions"},"function":{"name":"us-central1-api"},"message":"[runtime-status] [11416] Resolved module firebase-admin {\"declared\":true,\"installed\":true,\"version\":\"9.12.0\",\"resolution\":\"C:\\\\Users\\\\MooN\\\\amazon-clone\\\\functions\\\\node_modules\\\\firebase-admin\\\\lib\\\\index.js\"}"}}
[debug] [2021-11-07T05:47:58.919Z] [runtime-status] [11416] Resolved module firebase-functions {"declared":true,"installed":true,"version":"3.15.7","resolution":"C:\\Users\\MooN\\amazon-clone\\functions\\node_modules\\firebase-functions\\lib\\index.js"} {"metadata":{"emulator":{"name":"functions"},"function":{"name":"us-central1-api"},"message":"[runtime-status] [11416] Resolved module firebase-functions {\"declared\":true,\"installed\":true,\"version\":\"3.15.7\",\"resolution\":\"C:\\\\Users\\\\MooN\\\\amazon-clone\\\\functions\\\\node_modules\\\\firebase-functions\\\\lib\\\\index.js\"}"}}
[debug] [2021-11-07T05:47:58.920Z] [runtime-status] [11416] firebase-admin has been stubbed. {"adminResolution":{"declared":true,"installed":true,"version":"9.12.0","resolution":"C:\\Users\\MooN\\amazon-clone\\functions\\node_modules\\firebase-admin\\lib\\index.js"}} {"metadata":{"emulator":{"name":"functions"},"function":{"name":"us-central1-api"},"message":"[runtime-status] [11416] firebase-admin has been stubbed. {\"adminResolution\":{\"declared\":true,\"installed\":true,\"version\":\"9.12.0\",\"resolution\":\"C:\\\\Users\\\\MooN\\\\amazon-clone\\\\functions\\\\node_modules\\\\firebase-admin\\\\lib\\\\index.js\"}}"}}
[debug] [2021-11-07T05:47:59.110Z] [runtime-status] [11416] Trigger "us-central1-api" has been found, beginning invocation! {"metadata":{"emulator":{"name":"functions"},"function":{"name":"us-central1-api"},"message":"[runtime-status] [11416] Trigger \"us-central1-api\" has been found, beginning invocation!"}}
[info] i  functions: Beginning execution of "us-central1-api" {"metadata":{"emulator":{"name":"functions"},"function":{"name":"us-central1-api"},"message":"Beginning execution of \"us-central1-api\""}}
[debug] [2021-11-07T05:47:59.112Z] [runtime-status] [11416] triggerDefinition {"httpsTrigger":{},"name":"api","entryPoint":"api","regions":["us-central1"],"region":"us-central1","id":"us-central1-api"} {"metadata":{"emulator":{"name":"functions"},"function":{"name":"us-central1-api"},"message":"[runtime-status] [11416] triggerDefinition {\"httpsTrigger\":{},\"name\":\"api\",\"entryPoint\":\"api\",\"regions\":[\"us-central1\"],\"region\":\"us-central1\",\"id\":\"us-central1-api\"}"}}
[debug] [2021-11-07T05:47:59.112Z] [runtime-status] [11416] Running us-central1-api in signature http {"metadata":{"emulator":{"name":"functions"},"function":{"name":"us-central1-api"},"message":"[runtime-status] [11416] Running us-central1-api in signature http"}}
[debug] [2021-11-07T05:47:59.115Z] [runtime-status] [11416] Attempting to listen to socketPath: \\?\pipe\C:\Users\MooN\amazon-clone\functions\11416 {"metadata":{"emulator":{"name":"functions"},"function":{"name":"us-central1-api"},"message":"[runtime-status] [11416] Attempting to listen to socketPath: \\\\?\\pipe\\C:\\Users\\MooN\\amazon-clone\\functions\\11416"}}
[debug] [2021-11-07T05:47:59.119Z] [functions] Runtime ready! Sending request! {"metadata":{"emulator":{"name":"functions"},"message":"[functions] Runtime ready! Sending request!"}}
[debug] [2021-11-07T05:47:59.120Z] [functions] Got req.url=/clone-270ae/us-central1/api, mapping to path=/ {"metadata":{"emulator":{"name":"functions"},"message":"[functions] Got req.url=/clone-270ae/us-central1/api, mapping to path=/"}}
[debug] [2021-11-07T05:47:59.129Z] [runtime-status] [11416] Ephemeral server handling GET request {"metadata":{"emulator":{"name":"functions"},"function":{"name":"us-central1-api"},"message":"[runtime-status] [11416] Ephemeral server handling GET request"}}
[debug] [2021-11-07T05:47:59.137Z] [runtime-status] [11416] Ephemeral server survived. {"metadata":{"emulator":{"name":"functions"},"function":{"name":"us-central1-api"},"message":"[runtime-status] [11416] Ephemeral server survived."}}
[info] i  functions: Finished "us-central1-api" in ~1s {"metadata":{"emulator":{"name":"functions"},"function":{"name":"us-central1-api"},"message":"Finished \"us-central1-api\" in ~1s"}}
[debug] [2021-11-07T05:47:59.140Z] [worker-us-central1-api-0a096405-01f4-4bfd-bb9c-59b9ee311296]: IDLE {"metadata":{"emulator":{"name":"functions"},"message":"[worker-us-central1-api-0a096405-01f4-4bfd-bb9c-59b9ee311296]: IDLE"}}
[debug] [2021-11-07T05:47:59.140Z] [work-queue] {"queueLength":0,"workRunningCount":0}
[debug] [2021-11-07T05:47:59.195Z] Functions emulator received unknown request at path /favicon.ico
